<?xml version="1.0" encoding="UTF-8"?>
<!-- Generated by org.testng.reporters.JUnitReportReporter -->
<testsuite hostname="cdc2-l-128fwwn" failures="0" tests="3" name="testcases.Check2" time="0.013" errors="0" timestamp="2024-09-11T16:09:25 IST" skipped="0">
  <testcase classname="testcases.Check2" name="check" time="0.001"/>
  <testcase classname="testcases.Check2" name="check" time="0.002"/>
  <testcase classname="testcases.Check2" name="check" time="0.010"/>
</testsuite> <!-- testcases.Check2 -->
